Redirected stderr
2024-03-12 19:16:30.181025(+0300)[301214:301214] INF Timezone: +03, Offset: 10800, Standard Name: +03
2024-03-12 19:16:30.181058(+0300)[301214:301214] INF reading file :/tmp/.pid/1002-zstray
2024-03-12 19:16:30.181087(+0300)[301214:301214] INF pid found (280382) for proc  (/tmp/.pid/1002-zstray)
2024-03-12 19:16:30.181102(+0300)[301214:301214] ERR  No such file or directory error in isFilePresent for /proc/280382 
2024-03-12 19:16:30.181177(+0300)[301214:301214] INF CLI key value unable to understand , skipping wait = true
2024-03-12 19:16:30.181188(+0300)[301214:301214] INF CLI key value unable to understand , skipping externalRedirect = false
2024-03-12 19:16:30.279422(+0300)[301214:301214] DBG directory : /home/iharh/.Zscaler/DB 
2024-03-12 19:16:30.279462(+0300)[301214:301214] DBG notificationDB : /home/iharh/.Zscaler/DB/ZscalerApp.db
2024-03-12 19:16:30.322579(+0300)[301214:301214] INF ZSATrayRpcServer startServer called!
2024-03-12 19:16:30.322648(+0300)[301214:301310] INF ZSATrayRpcServer run function called!
2024-03-12 19:16:30.322663(+0300)[301214:301214] INF startTrayLogMonitor called!
2024-03-12 19:16:30.322888(+0300)[301214:301311] INF [LogMon] Log tag
2024-03-12 19:16:30.322907(+0300)[301214:301311] INF [LogMon] Logger monitor started
2024-03-12 19:16:30.333970(+0300)[301214:301214] INF createSAMLauthenticationDialog called! 
2024-03-12 19:16:30.334209(+0300)[301214:301312] INF system UUID : 19006b9cf6b700000000000000000000
2024-03-12 19:16:30.334227(+0300)[301214:301312] INF Baseboard Serial Number : M80-G4003001394
2024-03-12 19:16:30.334237(+0300)[301214:301312] INF disk ID : 075629C67D334E1EA047458F504465CC
2024-03-12 19:16:30.334251(+0300)[301214:301312] DBG Running cmd: [grep PRETTY_NAME  /etc/os-release |awk -F= '{print $2}']
2024-03-12 19:16:30.335257(+0300)[301214:301214] INF Tray WorkerThread Started...!
2024-03-12 19:16:30.337789(+0300)[301214:301316] DBG Tray proxy monitor thread started the monitor command (PID 301317)
2024-03-12 19:16:30.337800(+0300)[301214:301312] DBG Output: "Ubuntu Noble Numbat (development branch)"
2024-03-12 19:16:30.338336(+0300)[301214:301312] INF Config read hash: JmRtPyS/NDZr4rZEfkfCMZt2kIM=
2024-03-12 19:16:30.338795(+0300)[301214:301312] DBG decryptConfig: using old password
2024-03-12 19:16:30.340035(+0300)[301214:301312] INF Auth::Crypto::decrypt: Exception: I/O error: error:06065064:digital envelope routines:EVP_DecryptFinal_ex:bad decrypt
2024-03-12 19:16:30.340091(+0300)[301214:301312] INF ZSAAuth::useNewDecryptPasswd = true
2024-03-12 19:16:30.341874(+0300)[301214:301312] INF addHardwareIdToClientConfiguration: ZSAAuth::clientConfiguration.hardwareId is NOT empty
2024-03-12 19:16:30.343268(+0300)[301214:301312] DBG directory : /home/iharh/.Zscaler 
2024-03-12 19:16:30.343283(+0300)[301214:301312] DBG Create Config File : /home/iharh/.Zscaler/x54uV6DhzFBi4SvY+iDdvPv31EM=+config.dat
2024-03-12 19:16:30.343582(+0300)[301214:301312] INF Config save hash: f2CWAa43o+fdtNDCEeGlCesgK8w=
2024-03-12 19:16:30.343603(+0300)[301214:301312] INF Initializing auth library. FIPS: 0
2024-03-12 19:16:30.343610(+0300)[301214:301312] INF Getting CA certificates in file: /etc/ssl/certs/ca-certificates.crt
2024-03-12 19:16:30.344002(+0300)[301214:301312] INF System Certs read from disc : 147
2024-03-12 19:16:30.344010(+0300)[301214:301312] INF System certificate count: 147
2024-03-12 19:16:30.344016(+0300)[301214:301312] INF Auth::Lib::initializeAuthenticationLibrary: Called: 147
2024-03-12 19:16:30.344024(+0300)[301214:301312] INF Auth::Lib:loadSSLCerts: Called: 154
2024-03-12 19:16:30.347868(+0300)[301214:301312] INF Auth::Lib::loadSSLCerts: Number of CA certs loaded: 150
2024-03-12 19:16:30.347882(+0300)[301214:301312] INF Auth::Lib::initializeAuthenticationLibrary: Finish
2024-03-12 19:16:30.347892(+0300)[301214:301312] DBG Running cmd: [gsettings get org.gnome.system.proxy mode]
2024-03-12 19:16:30.350898(+0300)[301214:301312] DBG Output: 'none'
2024-03-12 19:16:30.350914(+0300)[301214:301312] INF externalProxy :
2024-03-12 19:16:30.350929(+0300)[301214:301312] ERR No posture profile to process
2024-03-12 19:16:30.360104(+0300)[301214:301214] DBG initializeSystemTrayIcon: isSystemTrayAvailable: 1
2024-03-12 19:16:30.360725(+0300)[301214:301214] DBG performInitialization: isBrowserAuthInProgress: 0
2024-03-12 19:16:30.360736(+0300)[301214:301214] INF UserEnrolled, loading mainForm.
2024-03-12 19:16:30.360825(+0300)[301214:301214] DBG Send config to ZSAService Called!!!
2024-03-12 19:16:30.360845(+0300)[301214:301214] INF reading file :/tmp/.pid/zsaservice
2024-03-12 19:16:30.360862(+0300)[301214:301214] INF pid found (301210) for proc  (/tmp/.pid/zsaservice)
2024-03-12 19:16:30.360870(+0300)[301214:301214] INF File type : [40000] 
2024-03-12 19:16:30.360899(+0300)[301214:301214] INF getProcessFromPid: /opt/zscaler/bin/zsaservice
2024-03-12 19:16:30.360906(+0300)[301214:301214] INF processMatchesBin: 1
2024-03-12 19:16:30.362296(+0300)[301214:301214] DBG ServiceConfig cmd : 6 , config : {"logLevel":0,"logMode":3,"logSize":100,"mDevicePassword":"f074803cc326f57a18743f0e066566bb6ed40f28891537d809b29065bd217788","mLinuxUser":"iharh","mTrayBinary":"\/opt\/zscaler\/bin\/ZSTray","mTrayHome":"\/home\/iharh","trayPid":301214,"trayUid":1002,"trayUserPresent":true}
2024-03-12 19:16:30.386276(+0300)[301214:301214] DBG The server answered: 
2024-03-12 19:16:30.386300(+0300)[301214:301214] DBG ZSAService response: 0 
2024-03-12 19:16:30.386368(+0300)[301214:301214] INF Calling init service
2024-03-12 19:16:30.394532(+0300)[301214:301214] DBG Database Opened
2024-03-12 19:16:30.471453(+0300)[301214:301214] DBG UI MainForm Loaded and Registering Signals for UIUpdate.
2024-03-12 19:16:30.471492(+0300)[301214:301214] DBG UI: Log level init
2024-03-12 19:16:30.472206(+0300)[301214:301214] INF Updating Main Form UI as per policy
2024-03-12 19:16:30.473111(+0300)[301214:301214] INF Calling start service
2024-03-12 19:16:30.473241(+0300)[301214:301214] DBG disableParentWidgetSignals called with disable as 0
2024-03-12 19:16:30.479430(+0300)[301214:301214] INF UI UserNameForm Window Close Button Clicked.
2024-03-12 19:16:30.566066(+0300)[301214:301214] DBG Updating Options Layout
2024-03-12 19:16:30.566495(+0300)[301214:301214] INF showCurrentTab called, currentTab: 0
2024-03-12 19:16:32.487802(+0300)[301214:301312] INF Starting ZSATunnel
2024-03-12 19:16:32.487851(+0300)[301214:301312] INF Starting ZSATunnel
2024-03-12 19:16:32.487971(+0300)[301214:301312] DBG Send config to ZSAService Called!!!
2024-03-12 19:16:32.488008(+0300)[301214:301312] INF reading file :/tmp/.pid/zsaservice
2024-03-12 19:16:32.488034(+0300)[301214:301312] INF pid found (301210) for proc  (/tmp/.pid/zsaservice)
2024-03-12 19:16:32.488047(+0300)[301214:301312] INF File type : [40000] 
2024-03-12 19:16:32.488092(+0300)[301214:301312] INF getProcessFromPid: /opt/zscaler/bin/zsaservice
2024-03-12 19:16:32.488102(+0300)[301214:301312] INF processMatchesBin: 1
2024-03-12 19:16:32.489301(+0300)[301214:301312] DBG ServiceConfig cmd : 3 , config : {"logLevel":0,"logMode":3,"logSize":1,"mLinuxUser":"iharh","mTrayBinary":"\/opt\/zscaler\/bin\/ZSTray","mTrayHome":"\/home\/iharh","trayPid":301214,"trayUid":1002,"trayUserPresent":true}
2024-03-12 19:16:32.490983(+0300)[301214:301312] DBG The server answered: 0
2024-03-12 19:16:32.491000(+0300)[301214:301312] DBG ZSAService response: 0 
2024-03-12 19:16:32.491070(+0300)[301214:301312] INF ZSTunnel already running.
2024-03-12 19:16:32.492169(+0300)[301214:301312] INF Tunnel Config Data : 
2024-03-12 19:16:32.492193(+0300)[301214:301312] DBG 
 ZSATunnelConfigData 
logMode : 3, enableFips : 0
externalProxy : , tunnelUseragent : Linux Ubuntu Noble Numbat (development branch) ZTunnel/1.0
systemUser : iharh
 ZSAClientConfiguration 
zpnTurnedOff :0, ziaTurnedOff : 0, upmTurnedOff : 0
userEnrolled : 1, performAutoEnrollment : 1, showTrayNotifications : 1
ZSAUserPolicyData 
upmEnabled : 1, zpna_enabled : 1
defaultAuthType : 1, errorMessage : 
ZSAClientPolicy 
proxy_enabled :1, proxy_port443
zpaEnabledForUser1, upmEnabledForUser1
SMCAResponse 
ZSAUserPrivacy 
collectUserInfo : 1, enablePacketCapture : 1, collectMachineHost : 1
FailOpenPolicy 
tunnelFailureRetryCount : 25enableWebSecOnTunnelFailure : 0
enableWebSecOnProxyUnreachable : 0, captivePortalWebSecDisableMinutes  :10
ZSATraceroutePolicy 
collectRoutInfoMinutes : 15, collectRouteInfoOnNetworkChangeEnabled : 1, collectRouteInfoOnReportAnIssueEnabled1
ZSAEndpointIntegration 
tunnelTCPLocalPort : 9000firefoxIntegration  : 1

hardware id :OTlhNjk5YjllNTA1MmFhOTRlZmRjMzA1ZTdmMzAyZTgzYzU3YTAwNDE5Njc1ZWQzZGQ1NDEzMmMxOTJhOWYyZg==
2024-03-12 19:16:32.492251(+0300)[301214:301312] DBG sendZSTunnelCredentials Called!
2024-03-12 19:16:32.492266(+0300)[301214:301312] INF reading file :/tmp/.pid/zstunnel
2024-03-12 19:16:32.492280(+0300)[301214:301312] INF pid found (301243) for proc  (/tmp/.pid/zstunnel)
2024-03-12 19:16:32.492288(+0300)[301214:301312] INF File type : [40000] 
2024-03-12 19:16:32.492313(+0300)[301214:301312] INF getProcessFromPid: /opt/zscaler/bin/zstunnel
2024-03-12 19:16:32.492322(+0300)[301214:301312] INF processMatchesBin: 1
2024-03-12 19:16:33.535946(+0300)[301214:301312] DBG The server answered: '1'
2024-03-12 19:16:33.536037(+0300)[301214:301312] INF Sending user creds to tunnel: 1, result (true)
2024-03-12 19:16:33.537086(+0300)[301214:301214] INF ZSATrayRpcServer request: org.freedesktop.DBus.Properties::GetAll on /var/opt/zscaler/ztray/trayObject from :1.6287
2024-03-12 19:16:33.537271(+0300)[301214:301214] INF ZSATrayRpcServer request: com.zscaler.ztray.Interface::sendTunnelStatus on /var/opt/zscaler/ztray/trayObject from :1.6287
2024-03-12 19:16:33.537283(+0300)[301214:301214] DBG Verifying RPC client :1.6287 
2024-03-12 19:16:33.538234(+0300)[301214:301214] INF User id received : 0 and retrieved from system user : root where the user from json : :1.6287
2024-03-12 19:16:33.538371(+0300)[301214:301214] INF getProcessFromPid: /opt/zscaler/bin/zstunnel
2024-03-12 19:16:33.538419(+0300)[301214:301214] DBG The RPC client is from root(0) in process /opt/zscaler/bin/zstunnel(301243)
2024-03-12 19:16:33.538429(+0300)[301214:301214] DBG Verifying /opt/zscaler/bin/zstunnel signature for root 
2024-03-12 19:16:33.547083(+0300)[301214:301214] DBG /opt/zscaler/bin/zstunnel signature for root has been verified
2024-03-12 19:16:33.547103(+0300)[301214:301214] DBG Tunnel Status JSON: {"clientIP":"0.0.0.0","isLWFDriverRunning":0,"networkState":2,"startTimeZIA":"1710270992503799","startTimeZPA":"1710270992503799","tcpProxyListeningPort":9000,"tunnelVersion":"10:0","ziaRxBytes":"0 bytes","ziaServerIP":"","ziaServerPort":443,"ziaTunnelState":2,"ziaTxBytes":"0 bytes","zpaAuthState":0,"zpaRxBytes":"0 bytes","zpaServerIP":"","zpaTunnelState":2,"zpaTxBytes":"0 bytes"}
2024-03-12 19:16:33.547133(+0300)[301214:301214] DBG UpdateDashBoard Triggered
2024-03-12 19:16:33.547174(+0300)[301214:301214] DBG Update DashBoard Triggered in MainForm
2024-03-12 19:16:33.547756(+0300)[301214:301214] INF showCurrentTab called, currentTab: 0
2024-03-12 19:16:33.550384(+0300)[301214:301214] DBG updating packet capture state to OFF
2024-03-12 19:16:33.559987(+0300)[301214:301214] INF ZSATrayRpcServer request: org.freedesktop.DBus.Properties::GetAll on /var/opt/zscaler/ztray/trayObject from :1.6292
2024-03-12 19:16:33.560184(+0300)[301214:301214] INF ZSATrayRpcServer request: com.zscaler.ztray.Interface::callProxyConfig on /var/opt/zscaler/ztray/trayObject from :1.6292
2024-03-12 19:16:33.560197(+0300)[301214:301214] DBG Verifying RPC client :1.6292 
2024-03-12 19:16:33.561126(+0300)[301214:301214] INF User id received : 0 and retrieved from system user : root where the user from json : :1.6292
2024-03-12 19:16:33.561253(+0300)[301214:301214] INF getProcessFromPid: /opt/zscaler/bin/zstunnel
2024-03-12 19:16:33.561301(+0300)[301214:301214] DBG The RPC client is from root(0) in process /opt/zscaler/bin/zstunnel(301243)
2024-03-12 19:16:33.561311(+0300)[301214:301214] DBG Running cmd: [gsettings list-recursively org.gnome.system.proxy]
2024-03-12 19:16:33.564455(+0300)[301214:301214] DBG Output: org.gnome.system.proxy autoconfig-url ''
org.gnome.system.proxy ignore-hosts ['localhost', '127.0.0.0/8', '::1']
org.gnome.system.proxy mode 'none'
org.gnome.system.proxy use-same-proxy true
org.gnome.system.proxy.ftp host ''
org.gnome.system.proxy.ftp port 0
org.gnome.system.proxy.http authentication-password ''
org.gnome.system.proxy.http authentication-user ''
org.gnome.system.proxy.http enabled false
org.gnome.system.proxy.http host ''
org.gnome.system.proxy.http port 8080
org.gnome.system.proxy.http use-authentication false
org.gnome.system.proxy.https host ''
org.gnome.system.proxy.https port 0
org.gnome.system.proxy.socks host ''
org.gnome.system.proxy.socks port 0
2024-03-12 19:16:34.536135(+0300)[301214:301312] INF ZSATunnel Started
2024-03-12 19:16:34.536162(+0300)[301214:301214] DBG disableParentWidgetSignals called with disable as 0
2024-03-12 19:16:34.536186(+0300)[301214:301312] INF Directory to monitor: /home/iharh/.Zscaler
2024-03-12 19:16:34.536198(+0300)[301214:301312] INF File to monitor: /home/iharh/.Zscaler/x54uV6DhzFBi4SvY+iDdvPv31EM=+config.dat
2024-03-12 19:16:34.536322(+0300)[301214:301312] INF Starting ZSATunnel
2024-03-12 19:16:34.536439(+0300)[301214:301312] DBG Send config to ZSAService Called!!!
2024-03-12 19:16:34.536467(+0300)[301214:301312] INF reading file :/tmp/.pid/zsaservice
2024-03-12 19:16:34.536491(+0300)[301214:301312] INF pid found (301210) for proc  (/tmp/.pid/zsaservice)
2024-03-12 19:16:34.536504(+0300)[301214:301312] INF File type : [40000] 
2024-03-12 19:16:34.536544(+0300)[301214:301312] INF getProcessFromPid: /opt/zscaler/bin/zsaservice
2024-03-12 19:16:34.536554(+0300)[301214:301312] INF processMatchesBin: 1
2024-03-12 19:16:34.537812(+0300)[301214:301312] DBG ServiceConfig cmd : 3 , config : {"logLevel":0,"logMode":3,"logSize":1,"mLinuxUser":"iharh","mTrayBinary":"\/opt\/zscaler\/bin\/ZSTray","mTrayHome":"\/home\/iharh","trayPid":301214,"trayUid":1002,"trayUserPresent":true}
2024-03-12 19:16:34.539204(+0300)[301214:301312] DBG The server answered: 0
2024-03-12 19:16:34.539218(+0300)[301214:301312] DBG ZSAService response: 0 
2024-03-12 19:16:34.539265(+0300)[301214:301312] INF ZSTunnel already running.
2024-03-12 19:16:34.540093(+0300)[301214:301312] INF Tunnel Config Data : 
2024-03-12 19:16:34.540111(+0300)[301214:301312] DBG 
 ZSATunnelConfigData 
logMode : 3, enableFips : 0
externalProxy : , tunnelUseragent : Linux Ubuntu Noble Numbat (development branch) ZTunnel/1.0
systemUser : iharh
 ZSAClientConfiguration 
zpnTurnedOff :0, ziaTurnedOff : 0, upmTurnedOff : 0
userEnrolled : 1, performAutoEnrollment : 1, showTrayNotifications : 1
ZSAUserPolicyData 
upmEnabled : 1, zpna_enabled : 1
defaultAuthType : 1, errorMessage : 
ZSAClientPolicy 
proxy_enabled :1, proxy_port443
zpaEnabledForUser1, upmEnabledForUser1
SMCAResponse 
ZSAUserPrivacy 
collectUserInfo : 1, enablePacketCapture : 1, collectMachineHost : 1
FailOpenPolicy 
tunnelFailureRetryCount : 25enableWebSecOnTunnelFailure : 0
enableWebSecOnProxyUnreachable : 0, captivePortalWebSecDisableMinutes  :10
ZSATraceroutePolicy 
collectRoutInfoMinutes : 15, collectRouteInfoOnNetworkChangeEnabled : 1, collectRouteInfoOnReportAnIssueEnabled1
ZSAEndpointIntegration 
tunnelTCPLocalPort : 9000firefoxIntegration  : 1

hardware id :OTlhNjk5YjllNTA1MmFhOTRlZmRjMzA1ZTdmMzAyZTgzYzU3YTAwNDE5Njc1ZWQzZGQ1NDEzMmMxOTJhOWYyZg==
2024-03-12 19:16:34.540163(+0300)[301214:301312] DBG sendZSTunnelCredentials Called!
2024-03-12 19:16:34.540178(+0300)[301214:301312] INF reading file :/tmp/.pid/zstunnel
2024-03-12 19:16:34.540193(+0300)[301214:301312] INF pid found (301243) for proc  (/tmp/.pid/zstunnel)
2024-03-12 19:16:34.540200(+0300)[301214:301312] INF File type : [40000] 
2024-03-12 19:16:34.540226(+0300)[301214:301312] INF getProcessFromPid: /opt/zscaler/bin/zstunnel
2024-03-12 19:16:34.540232(+0300)[301214:301312] INF processMatchesBin: 1
2024-03-12 19:16:34.782294(+0300)[301214:301214] INF ZSATrayRpcServer request: org.freedesktop.DBus.Properties::GetAll on /var/opt/zscaler/ztray/trayObject from :1.6301
2024-03-12 19:16:34.782504(+0300)[301214:301214] INF ZSATrayRpcServer request: com.zscaler.ztray.Interface::sendTrayNotifications on /var/opt/zscaler/ztray/trayObject from :1.6301
2024-03-12 19:16:34.782529(+0300)[301214:301214] DBG Verifying RPC client :1.6301 
2024-03-12 19:16:34.783201(+0300)[301214:301214] INF User id received : 0 and retrieved from system user : root where the user from json : :1.6301
2024-03-12 19:16:34.783336(+0300)[301214:301214] INF getProcessFromPid: /opt/zscaler/bin/zstunnel
2024-03-12 19:16:34.783385(+0300)[301214:301214] DBG The RPC client is from root(0) in process /opt/zscaler/bin/zstunnel(301243)
2024-03-12 19:16:34.783395(+0300)[301214:301214] INF RPC notification code: 101, Internet Security is Enabled.
2024-03-12 19:16:34.784347(+0300)[301214:301214] DBG directory : /home/iharh/.Zscaler 
2024-03-12 19:16:34.784361(+0300)[301214:301214] DBG Create Config File : /home/iharh/.Zscaler/x54uV6DhzFBi4SvY+iDdvPv31EM=+config.dat
2024-03-12 19:16:34.784590(+0300)[301214:301462] INF Restarting config monitor timer
2024-03-12 19:16:34.784674(+0300)[301214:301214] INF Config save hash: vEHi1uQYw3Q6OUUHDfwnQ7kCzEA=
2024-03-12 19:16:34.784685(+0300)[301214:301214] DBG Notification Code : 101 , Notification Message : 
2024-03-12 19:16:34.789235(+0300)[301214:301214] DBG AddNotification Called.
2024-03-12 19:16:34.789249(+0300)[301214:301214] DBG Notification ID: 100, Notification Name : Internet Security On, Notification message ; Internet Security is Enabled., TimeStamp : Tue, Mar 12 2024 22:16:34 PM
2024-03-12 19:16:35.547384(+0300)[301214:301312] DBG The server answered: '1'
2024-03-12 19:16:35.547482(+0300)[301214:301312] INF Sending user creds to tunnel: 1, result (true)
2024-03-12 19:16:35.547502(+0300)[301214:301312] INF ZTunnel service started
2024-03-12 19:16:35.547522(+0300)[301214:301312] DBG ZSTrayWorkerThread updater timer triggerred
2024-03-12 19:16:35.547530(+0300)[301214:301312] DBG Update App without notif
2024-03-12 19:16:35.547537(+0300)[301214:301312] DBG Will perform auto update
2024-03-12 19:16:35.547543(+0300)[301214:301312] INF Auth::Lib::getSHA2Hash: Called
2024-03-12 19:16:35.547554(+0300)[301214:301312] INF Auth::Lib::getSHA2Hash: Value: b613679a0814d9ec772f95d778c35fc5ff1697c493715653c6c712144292c5ad
2024-03-12 19:16:35.547561(+0300)[301214:301312] INF Auth::Lib::getSHA2Hash: Finished
2024-03-12 19:16:35.547570(+0300)[301214:301312] INF Auth::Library::apiCheckForAppUpdates: Called
2024-03-12 19:16:35.547613(+0300)[301214:301312] INF isCloudProxyEnabled = true
2024-03-12 19:16:35.547624(+0300)[301214:301312] INF Auth::Lib::executeServerGetAPI: Begin
2024-03-12 19:16:35.547631(+0300)[301214:301312] INF Auth::Lib::executeServerGetAPI: Trial: 0
2024-03-12 19:16:36.003125(+0300)[301214:301312] INF Auth::Lib::executeServerGetAPI: http://gateway.zscalertwo.net/generate_204
2024-03-12 19:16:36.020987(+0300)[301214:301312] INF Auth::Lib::executeServerGetAPI: Response: 204
2024-03-12 19:16:36.021026(+0300)[301214:301312] INF Auth::Lib::callMobileAdminGetAPI: Finish
2024-03-12 19:16:36.021038(+0300)[301214:301312] INF Auth::Lib::executeServerGetAPI: Failed
2024-03-12 19:16:36.021172(+0300)[301214:301312] INF Auth::Lib::executeServerGetAPI: Begin
2024-03-12 19:16:36.021185(+0300)[301214:301312] INF Auth::Lib::executeServerGetAPI: Trial: 0
2024-03-12 19:16:36.290210(+0300)[301214:301214] INF ZSATrayRpcServer request: org.freedesktop.DBus.Properties::GetAll on /var/opt/zscaler/ztray/trayObject from :1.6302
2024-03-12 19:16:36.290395(+0300)[301214:301214] INF ZSATrayRpcServer request: com.zscaler.ztray.Interface::sendTrayNotifications on /var/opt/zscaler/ztray/trayObject from :1.6302
2024-03-12 19:16:36.290408(+0300)[301214:301214] DBG Verifying RPC client :1.6302 
2024-03-12 19:16:36.291358(+0300)[301214:301214] INF User id received : 0 and retrieved from system user : root where the user from json : :1.6302
2024-03-12 19:16:36.291486(+0300)[301214:301214] INF getProcessFromPid: /opt/zscaler/bin/zstunnel
2024-03-12 19:16:36.291534(+0300)[301214:301214] DBG The RPC client is from root(0) in process /opt/zscaler/bin/zstunnel(301243)
2024-03-12 19:16:36.291545(+0300)[301214:301214] INF RPC notification code: 105, Private Access is Enabled.
2024-03-12 19:16:36.292492(+0300)[301214:301214] DBG directory : /home/iharh/.Zscaler 
2024-03-12 19:16:36.292506(+0300)[301214:301214] DBG Create Config File : /home/iharh/.Zscaler/x54uV6DhzFBi4SvY+iDdvPv31EM=+config.dat
2024-03-12 19:16:36.292863(+0300)[301214:301214] INF Config save hash: Hn+9bQqAwg09GI5+JtaVQr4BVYs=
2024-03-12 19:16:36.292873(+0300)[301214:301214] DBG Notification Code : 105 , Notification Message : 
2024-03-12 19:16:36.292985(+0300)[301214:301214] DBG AddNotification Called.
2024-03-12 19:16:36.292998(+0300)[301214:301214] DBG Notification ID: 175, Notification Name : Private Access On, Notification message ; Private Access is Enabled., TimeStamp : Tue, Mar 12 2024 22:16:36 PM
2024-03-12 19:16:36.616620(+0300)[301214:301312] INF Auth::Lib::executeServerGetAPI: https://mobile.zscalertwo.net/webservice/api/autoUpdate/updateZscalerApplicationv3?q=o6rAEyHLjeYSlDIEOK83NaymyvTnCye6SJZoShv8OErv5SRlB9X2FDfg4T%2bjZSJWJxurnU9LrGjPwvSxKaN1oYHMVwqm%2f%2faSv4O6bnZYDI0rz8t1N0qNNXcYEqyh5321wQwo9FYBYRY1EU6spQDrzxEC0jyDRq%2f5G2WIhtmTjVJHQOHlNTcMSUTbPJB9rqZZOlhp90SasKg%2bFcCvp%2fKCbYa3PqhoOL8ihdhWxWmub8i1E1lumVMzWE2gaiF1Kg6paEZ3s5jHE7mIDlw0wBiPqcn4vB9u650%2bxvhb9ILX2kYO8drufQ0YtylMkrTIXiMBXzPC3DwGKUW0WtU%2fsNdhUA%3d%3d
2024-03-12 19:16:36.665360(+0300)[301214:301214] INF ZSATrayRpcServer request: org.freedesktop.DBus.Properties::GetAll on /var/opt/zscaler/ztray/trayObject from :1.6338
2024-03-12 19:16:36.665595(+0300)[301214:301214] INF ZSATrayRpcServer request: com.zscaler.ztray.Interface::sendTrayNotifications on /var/opt/zscaler/ztray/trayObject from :1.6338
2024-03-12 19:16:36.665611(+0300)[301214:301214] DBG Verifying RPC client :1.6338 
2024-03-12 19:16:36.666613(+0300)[301214:301214] INF User id received : 0 and retrieved from system user : root where the user from json : :1.6338
2024-03-12 19:16:36.666749(+0300)[301214:301214] INF getProcessFromPid: /opt/zscaler/bin/zstunnel
2024-03-12 19:16:36.666797(+0300)[301214:301214] DBG The RPC client is from root(0) in process /opt/zscaler/bin/zstunnel(301243)
2024-03-12 19:16:36.666807(+0300)[301214:301214] INF RPC notification code: 112, A
2024-03-12 19:16:36.667864(+0300)[301214:301214] INF ZSATrayRpcServer request: org.freedesktop.DBus.Properties::GetAll on /var/opt/zscaler/ztray/trayObject from :1.6340
2024-03-12 19:16:36.668063(+0300)[301214:301214] INF ZSATrayRpcServer request: com.zscaler.ztray.Interface::sendTrayNotifications on /var/opt/zscaler/ztray/trayObject from :1.6340
2024-03-12 19:16:36.668074(+0300)[301214:301214] DBG Verifying RPC client :1.6340 
2024-03-12 19:16:36.669010(+0300)[301214:301214] INF User id received : 0 and retrieved from system user : root where the user from json : :1.6340
2024-03-12 19:16:36.669140(+0300)[301214:301214] INF getProcessFromPid: /opt/zscaler/bin/zstunnel
2024-03-12 19:16:36.669187(+0300)[301214:301214] DBG The RPC client is from root(0) in process /opt/zscaler/bin/zstunnel(301243)
2024-03-12 19:16:36.669197(+0300)[301214:301214] INF RPC notification code: 113, A
2024-03-12 19:16:36.832529(+0300)[301214:301312] INF Auth::Lib::executeServerGetAPI: Response: 200
2024-03-12 19:16:36.832627(+0300)[301214:301312] INF Auth::Lib::callMobileAdminGetAPI: Finish
2024-03-12 19:16:36.832639(+0300)[301214:301312] INF Auth::Lib::apiCheckForAppUpdates: Response body: <?xml version="1.0" encoding="UTF-8" standalone="no"?><installerInformation><versionId>131000006</versionId><version>1.3.1.6</version><platformFileList><platformFile><filename>Zscaler-linux-1.3.1.6-installer.run</filename><platform>linux</platform></platformFile></platformFileList><downloadLocationList><downloadLocation><url>https://d32a6ru7mhaq0c.cloudfront.net/</url></downloadLocation></downloadLocationList></installerInformation>
2024-03-12 19:16:36.832647(+0300)[301214:301312] INF Auth::Lib::apiCheckForAppUpdates: Version found: 1.3.1.6
2024-03-12 19:16:36.832657(+0300)[301214:301312] INF Auth::Lib::apiCheckForAppUpdates: Finish
2024-03-12 19:16:36.832687(+0300)[301214:301312] INF Current ZCC version: 1.3.1.6
2024-03-12 19:16:36.832693(+0300)[301214:301312] INF Available ZCC version: 1.3.1.6
2024-03-12 19:16:36.832722(+0300)[301214:301312] DBG ZSTrayWorkerThread keep alive timer triggerred
2024-03-12 19:16:36.832729(+0300)[301214:301312] DBG Sending Keep-Alive
2024-03-12 19:16:36.832741(+0300)[301214:301312] DBG Running cmd: [uname -m]
2024-03-12 19:16:36.834167(+0300)[301214:301312] DBG Output: x86_64
2024-03-12 19:16:36.834177(+0300)[301214:301312] DBG Arch Type: x86_64
2024-03-12 19:16:36.834203(+0300)[301214:301312] INF Sending Keep Alive with config version: 1811419515 
 apiRequest: {"appVersion":"1.3.1.6","deviceId":"78431883","enforcementEnabled":"0","groupIds":"33685526,31303281,48775354","health":"0","hwid":"OTlhNjk5YjllNTA1MmFhOTRlZmRjMzA1ZTdmMzAyZTgzYzU3YTAwNDE5Njc1ZWQzZGQ1NDEzMmMxOTJhOWYyZg==","lwfDriverStatus":"\u0000","machineHostname":"EPBYGOMW0024T2","osType":"5","osVersion":"Ubuntu Noble Numbat (development branch);x86_64","policyVersion":"1811419515","refreshServicePassword":"0","tunnelVersion":"10:0","udid":"OTlhNjk5YjllNTA1MmFhOTRlZmRjMzA1ZTdmMzAyZTgzYzU3YTAwNDE5Njc1ZWQzZGQ1NDEzMmMxOTJhOWYyZg==:x54uV6DhzFBi4SvY+iDdvPv31EM=","upmVersion":"1.0.1.0"}
2024-03-12 19:16:36.834223(+0300)[301214:301312] INF Auth::Library::apiMobileAdminKeepAliveV3: Called
2024-03-12 19:16:36.834249(+0300)[301214:301312] INF isCloudProxyEnabled = true
2024-03-12 19:16:36.834257(+0300)[301214:301312] INF Auth::Lib::executeServerGetAPI: Begin
2024-03-12 19:16:36.834263(+0300)[301214:301312] INF Auth::Lib::executeServerGetAPI: Trial: 0
2024-03-12 19:16:36.869610(+0300)[301214:301312] INF Auth::Lib::executeServerGetAPI: http://gateway.zscalertwo.net/generate_204
2024-03-12 19:16:37.134222(+0300)[301214:301312] INF Auth::Lib::executeServerGetAPI: Response: 204
2024-03-12 19:16:37.134268(+0300)[301214:301312] INF Auth::Lib::callMobileAdminGetAPI: Finish
2024-03-12 19:16:37.134279(+0300)[301214:301312] INF Auth::Lib::executeServerGetAPI: Failed
2024-03-12 19:16:37.134339(+0300)[301214:301312] INF Auth::Lib::executeMobileAdminPostAPI: Begin
2024-03-12 19:16:37.134348(+0300)[301214:301312] INF Auth::Lib::executeMobileAdminPostAPI: Trial: 0
2024-03-12 19:16:37.134457(+0300)[301214:301312] INF Auth::Lib::executeMobileAdminPostAPI: https://mobile.zscalertwo.net/api/mobile/policy/keepAlive
2024-03-12 19:16:37.747190(+0300)[301214:301214] INF ZSATrayRpcServer request: org.freedesktop.DBus.Properties::GetAll on /var/opt/zscaler/ztray/trayObject from :1.6363
2024-03-12 19:16:37.747424(+0300)[301214:301214] INF ZSATrayRpcServer request: com.zscaler.ztray.Interface::sendTrayNotifications on /var/opt/zscaler/ztray/trayObject from :1.6363
2024-03-12 19:16:37.747438(+0300)[301214:301214] DBG Verifying RPC client :1.6363 
2024-03-12 19:16:37.748570(+0300)[301214:301214] INF User id received : 0 and retrieved from system user : root where the user from json : :1.6363
2024-03-12 19:16:37.748724(+0300)[301214:301214] INF getProcessFromPid: /opt/zscaler/bin/zstunnel
2024-03-12 19:16:37.748800(+0300)[301214:301214] DBG The RPC client is from root(0) in process /opt/zscaler/bin/zstunnel(301243)
2024-03-12 19:16:37.748813(+0300)[301214:301214] INF RPC notification code: 112, A
2024-03-12 19:16:37.783781(+0300)[301214:301471] INF Configuration Monitor timer triggered
2024-03-12 19:16:37.783830(+0300)[301214:301471] INF Config File modified!
2024-03-12 19:16:38.013120(+0300)[301214:301312] INF Auth::Lib::executeMobileAdminPostAPI: Response: 200, Length: 499
2024-03-12 19:16:38.013160(+0300)[301214:301312] INF Response: {"success":"true","policyId":31075,"policyTimestamp":1689694605000,"config_version":"1811419515","aup_type":0,"aup_days":0,"proxy_enabled":"true","zpn_enabled":"true","upm_enabled":"true","zad_enabled":"true","zdp_enabled":"false","themeVersion":0,"companySize":"11482","keepAliveDisabled":0,"logFetchTs":0,"policyVersion":1590953387,"companyConfigVersion":908309620,"postureVersion":382695,"zccForceRevert":0,"partnersAllowedToLogin":false,"userAllowedToAddPartner":false,"use37TunnelForIos":false}
2024-03-12 19:16:38.013256(+0300)[301214:301312] INF Auth::Lib::executeMobileAdminPostAPI: Finish
2024-03-12 19:16:38.013318(+0300)[301214:301312] INF Auth::Library::apiMobileAdminKeepAliveV3: Finish
2024-03-12 19:16:38.013348(+0300)[301214:301312] INF Keep Alive success
2024-03-12 19:16:38.014377(+0300)[301214:301312] INF Tunnel Config Data : 
2024-03-12 19:16:38.014395(+0300)[301214:301312] DBG 
 ZSATunnelConfigData 
logMode : 3, enableFips : 0
externalProxy : , tunnelUseragent : Linux Ubuntu Noble Numbat (development branch) ZTunnel/1.0
systemUser : iharh
 ZSAClientConfiguration 
zpnTurnedOff :0, ziaTurnedOff : 0, upmTurnedOff : 0
userEnrolled : 1, performAutoEnrollment : 1, showTrayNotifications : 1
ZSAUserPolicyData 
upmEnabled : 1, zpna_enabled : 1
defaultAuthType : 1, errorMessage : 
ZSAClientPolicy 
proxy_enabled :1, proxy_port443
zpaEnabledForUser1, upmEnabledForUser1
SMCAResponse 
ZSAUserPrivacy 
collectUserInfo : 1, enablePacketCapture : 1, collectMachineHost : 1
FailOpenPolicy 
tunnelFailureRetryCount : 25enableWebSecOnTunnelFailure : 0
enableWebSecOnProxyUnreachable : 0, captivePortalWebSecDisableMinutes  :10
ZSATraceroutePolicy 
collectRoutInfoMinutes : 15, collectRouteInfoOnNetworkChangeEnabled : 1, collectRouteInfoOnReportAnIssueEnabled1
ZSAEndpointIntegration 
tunnelTCPLocalPort : 9000firefoxIntegration  : 1

hardware id :OTlhNjk5YjllNTA1MmFhOTRlZmRjMzA1ZTdmMzAyZTgzYzU3YTAwNDE5Njc1ZWQzZGQ1NDEzMmMxOTJhOWYyZg==
2024-03-12 19:16:38.014447(+0300)[301214:301312] DBG sendZSTunnelCredentials Called!
2024-03-12 19:16:38.014465(+0300)[301214:301312] INF reading file :/tmp/.pid/zstunnel
2024-03-12 19:16:38.014482(+0300)[301214:301312] INF pid found (301243) for proc  (/tmp/.pid/zstunnel)
2024-03-12 19:16:38.014490(+0300)[301214:301312] INF File type : [40000] 
2024-03-12 19:16:38.014517(+0300)[301214:301312] INF getProcessFromPid: /opt/zscaler/bin/zstunnel
2024-03-12 19:16:38.014524(+0300)[301214:301312] INF processMatchesBin: 1
2024-03-12 19:16:38.018106(+0300)[301214:301312] DBG The server answered: '1'
2024-03-12 19:16:38.018178(+0300)[301214:301312] INF Sending user creds to tunnel: 7, result (true)
2024-03-12 19:16:38.019469(+0300)[301214:301312] DBG directory : /home/iharh/.Zscaler 
2024-03-12 19:16:38.019485(+0300)[301214:301312] DBG Create Config File : /home/iharh/.Zscaler/x54uV6DhzFBi4SvY+iDdvPv31EM=+config.dat
2024-03-12 19:16:38.019713(+0300)[301214:301462] INF Restarting config monitor timer
2024-03-12 19:16:38.019913(+0300)[301214:301312] INF Config save hash: UDH5TtlcA2eamYAImfZ0WFS0cBM=
2024-03-12 19:16:38.019924(+0300)[301214:301312] ERR No posture profile to process
2024-03-12 19:16:39.020031(+0300)[301214:301312] DBG Running cmd: [gsettings get org.gnome.system.proxy mode]
2024-03-12 19:16:39.020042(+0300)[301214:301214] DBG disableParentWidgetSignals called with disable as 0
2024-03-12 19:16:39.020812(+0300)[301214:301214] INF ZSATrayRpcServer request: org.freedesktop.DBus.Properties::GetAll on /var/opt/zscaler/ztray/trayObject from :1.6414
2024-03-12 19:16:39.020991(+0300)[301214:301214] INF ZSATrayRpcServer request: com.zscaler.ztray.Interface::sendTrayNotifications on /var/opt/zscaler/ztray/trayObject from :1.6414
2024-03-12 19:16:39.021003(+0300)[301214:301214] DBG Verifying RPC client :1.6414 
2024-03-12 19:16:39.022071(+0300)[301214:301214] INF User id received : 0 and retrieved from system user : root where the user from json : :1.6414
2024-03-12 19:16:39.022197(+0300)[301214:301214] INF getProcessFromPid: /opt/zscaler/bin/zstunnel
2024-03-12 19:16:39.022247(+0300)[301214:301214] DBG The RPC client is from root(0) in process /opt/zscaler/bin/zstunnel(301243)
2024-03-12 19:16:39.022258(+0300)[301214:301214] INF RPC notification code: 112, A
2024-03-12 19:16:39.022995(+0300)[301214:301312] DBG Output: 'none'
2024-03-12 19:16:39.023017(+0300)[301214:301312] INF externalProxy :
2024-03-12 19:16:39.099530(+0300)[301214:301214] INF ZSATrayRpcServer request: org.freedesktop.DBus.Properties::GetAll on /var/opt/zscaler/ztray/trayObject from :1.6425
2024-03-12 19:16:39.099726(+0300)[301214:301214] INF ZSATrayRpcServer request: com.zscaler.ztray.Interface::sendTrayNotifications on /var/opt/zscaler/ztray/trayObject from :1.6425
2024-03-12 19:16:39.099750(+0300)[301214:301214] DBG Verifying RPC client :1.6425 
2024-03-12 19:16:39.100809(+0300)[301214:301214] INF User id received : 0 and retrieved from system user : root where the user from json : :1.6425
2024-03-12 19:16:39.100958(+0300)[301214:301214] INF getProcessFromPid: /opt/zscaler/bin/zstunnel
2024-03-12 19:16:39.101032(+0300)[301214:301214] DBG The RPC client is from root(0) in process /opt/zscaler/bin/zstunnel(301243)
2024-03-12 19:16:39.101047(+0300)[301214:301214] INF RPC notification code: 107, Private Access is Connected.
2024-03-12 19:16:39.102262(+0300)[301214:301214] DBG directory : /home/iharh/.Zscaler 
2024-03-12 19:16:39.102278(+0300)[301214:301214] DBG Create Config File : /home/iharh/.Zscaler/x54uV6DhzFBi4SvY+iDdvPv31EM=+config.dat
2024-03-12 19:16:39.102627(+0300)[301214:301214] INF Config save hash: i0Gro3p/jWCmtCU4n3bDGIzT3gQ=
2024-03-12 19:16:39.102642(+0300)[301214:301214] DBG Notification Code : 107 , Notification Message : 
2024-03-12 19:16:39.102753(+0300)[301214:301214] DBG AddNotification Called.
2024-03-12 19:16:39.102766(+0300)[301214:301214] DBG Notification ID: 175, Notification Name : Private Access Connected, Notification message ; Private Access is Connected., TimeStamp : Tue, Mar 12 2024 22:16:39 PM
2024-03-12 19:16:39.122663(+0300)[301214:301214] INF ZSATrayRpcServer request: org.freedesktop.DBus.Properties::GetAll on /var/opt/zscaler/ztray/trayObject from :1.6429
2024-03-12 19:16:39.122848(+0300)[301214:301214] INF ZSATrayRpcServer request: com.zscaler.ztray.Interface::sendTunnelStatus on /var/opt/zscaler/ztray/trayObject from :1.6429
2024-03-12 19:16:39.122861(+0300)[301214:301214] DBG Verifying RPC client :1.6429 
2024-03-12 19:16:39.123862(+0300)[301214:301214] INF User id received : 0 and retrieved from system user : root where the user from json : :1.6429
2024-03-12 19:16:39.123988(+0300)[301214:301214] INF getProcessFromPid: /opt/zscaler/bin/zstunnel
2024-03-12 19:16:39.124038(+0300)[301214:301214] DBG The RPC client is from root(0) in process /opt/zscaler/bin/zstunnel(301243)
2024-03-12 19:16:39.124048(+0300)[301214:301214] DBG Tunnel Status JSON: {"clientIP":"192.168.1.72","isLWFDriverRunning":0,"networkState":2,"startTimeZIA":"1710270999121158","startTimeZPA":"1710270999121187","tcpProxyListeningPort":9000,"tunnelVersion":"10:0","ziaRxBytes":"2.79 KB","ziaServerIP":"147.161.186.27","ziaServerPort":443,"ziaTunnelState":4,"ziaTxBytes":"2.13 KB","zpaAuthState":0,"zpaRxBytes":"0 bytes","zpaServerIP":"147.161.249.240","zpaTunnelState":4,"zpaTxBytes":"0 bytes"}
2024-03-12 19:16:39.124075(+0300)[301214:301214] INF ZPA state changed, From: 2 To: 4
2024-03-12 19:16:39.124081(+0300)[301214:301214] INF stopZPATimer called!
2024-03-12 19:16:39.124090(+0300)[301214:301214] INF stopZIATimer called!
2024-03-12 19:16:39.124099(+0300)[301214:301214] INF ZIA state changed, From: 2 To: 4
2024-03-12 19:16:39.124107(+0300)[301214:301214] DBG UpdateDashBoard Triggered
2024-03-12 19:16:39.124136(+0300)[301214:301214] DBG Update DashBoard Triggered in MainForm
2024-03-12 19:16:39.124985(+0300)[301214:301214] INF showCurrentTab called, currentTab: 0
2024-03-12 19:16:39.127394(+0300)[301214:301214] DBG updating packet capture state to OFF
2024-03-12 19:16:41.018801(+0300)[301214:301471] INF Configuration Monitor timer triggered
2024-03-12 19:16:41.018833(+0300)[301214:301471] INF Config File modified!
2024-03-12 19:16:49.125717(+0300)[301214:301214] INF ZSATrayRpcServer request: org.freedesktop.DBus.Properties::GetAll on /var/opt/zscaler/ztray/trayObject from :1.6497
2024-03-12 19:16:49.125910(+0300)[301214:301214] INF ZSATrayRpcServer request: com.zscaler.ztray.Interface::sendTunnelStatus on /var/opt/zscaler/ztray/trayObject from :1.6497
2024-03-12 19:16:49.125924(+0300)[301214:301214] DBG Verifying RPC client :1.6497 
2024-03-12 19:16:49.126898(+0300)[301214:301214] INF User id received : 0 and retrieved from system user : root where the user from json : :1.6497
2024-03-12 19:16:49.127068(+0300)[301214:301214] INF getProcessFromPid: /opt/zscaler/bin/zstunnel
2024-03-12 19:16:49.127127(+0300)[301214:301214] DBG The RPC client is from root(0) in process /opt/zscaler/bin/zstunnel(301243)
2024-03-12 19:16:49.127138(+0300)[301214:301214] DBG Tunnel Status JSON: {"clientIP":"192.168.1.72","isLWFDriverRunning":0,"networkState":2,"startTimeZIA":"1710270999121158","startTimeZPA":"1710270999121187","tcpProxyListeningPort":9000,"tunnelVersion":"10:0","ziaRxBytes":"13.30 KB","ziaServerIP":"147.161.186.27","ziaServerPort":443,"ziaTunnelState":4,"ziaTxBytes":"5.97 KB","zpaAuthState":0,"zpaRxBytes":"0 bytes","zpaServerIP":"147.161.249.240","zpaTunnelState":4,"zpaTxBytes":"0 bytes"}
2024-03-12 19:16:49.127165(+0300)[301214:301214] DBG UpdateDashBoard Triggered
2024-03-12 19:16:49.127196(+0300)[301214:301214] DBG Update DashBoard Triggered in MainForm
2024-03-12 19:16:49.127730(+0300)[301214:301214] INF showCurrentTab called, currentTab: 0
2024-03-12 19:16:49.130105(+0300)[301214:301214] DBG updating packet capture state to OFF
2024-03-12 19:16:59.128823(+0300)[301214:301214] INF ZSATrayRpcServer request: org.freedesktop.DBus.Properties::GetAll on /var/opt/zscaler/ztray/trayObject from :1.6499
2024-03-12 19:16:59.129047(+0300)[301214:301214] INF ZSATrayRpcServer request: com.zscaler.ztray.Interface::sendTunnelStatus on /var/opt/zscaler/ztray/trayObject from :1.6499
2024-03-12 19:16:59.129060(+0300)[301214:301214] DBG Verifying RPC client :1.6499 
2024-03-12 19:16:59.130035(+0300)[301214:301214] INF User id received : 0 and retrieved from system user : root where the user from json : :1.6499
2024-03-12 19:16:59.130166(+0300)[301214:301214] INF getProcessFromPid: /opt/zscaler/bin/zstunnel
2024-03-12 19:16:59.130213(+0300)[301214:301214] DBG The RPC client is from root(0) in process /opt/zscaler/bin/zstunnel(301243)
2024-03-12 19:16:59.130224(+0300)[301214:301214] DBG Tunnel Status JSON: {"clientIP":"192.168.1.72","isLWFDriverRunning":0,"networkState":2,"startTimeZIA":"1710270999121158","startTimeZPA":"1710270999121187","tcpProxyListeningPort":9000,"tunnelVersion":"10:0","ziaRxBytes":"13.30 KB","ziaServerIP":"147.161.186.27","ziaServerPort":443,"ziaTunnelState":4,"ziaTxBytes":"5.97 KB","zpaAuthState":0,"zpaRxBytes":"0 bytes","zpaServerIP":"147.161.249.240","zpaTunnelState":4,"zpaTxBytes":"0 bytes"}
2024-03-12 19:16:59.130250(+0300)[301214:301214] DBG UpdateDashBoard Triggered
2024-03-12 19:16:59.130280(+0300)[301214:301214] DBG Update DashBoard Triggered in MainForm
2024-03-12 19:16:59.130802(+0300)[301214:301214] INF showCurrentTab called, currentTab: 0
2024-03-12 19:16:59.133154(+0300)[301214:301214] DBG updating packet capture state to OFF
2024-03-12 19:17:09.131735(+0300)[301214:301214] INF ZSATrayRpcServer request: org.freedesktop.DBus.Properties::GetAll on /var/opt/zscaler/ztray/trayObject from :1.6508
2024-03-12 19:17:09.132016(+0300)[301214:301214] INF ZSATrayRpcServer request: com.zscaler.ztray.Interface::sendTunnelStatus on /var/opt/zscaler/ztray/trayObject from :1.6508
2024-03-12 19:17:09.132034(+0300)[301214:301214] DBG Verifying RPC client :1.6508 
2024-03-12 19:17:09.132961(+0300)[301214:301214] INF User id received : 0 and retrieved from system user : root where the user from json : :1.6508
2024-03-12 19:17:09.133087(+0300)[301214:301214] INF getProcessFromPid: /opt/zscaler/bin/zstunnel
2024-03-12 19:17:09.133135(+0300)[301214:301214] DBG The RPC client is from root(0) in process /opt/zscaler/bin/zstunnel(301243)
2024-03-12 19:17:09.133144(+0300)[301214:301214] DBG Tunnel Status JSON: {"clientIP":"192.168.1.72","isLWFDriverRunning":0,"networkState":2,"startTimeZIA":"1710270999121158","startTimeZPA":"1710270999121187","tcpProxyListeningPort":9000,"tunnelVersion":"10:0","ziaRxBytes":"18.94 KB","ziaServerIP":"147.161.186.27","ziaServerPort":443,"ziaTunnelState":4,"ziaTxBytes":"7.92 KB","zpaAuthState":0,"zpaRxBytes":"0 bytes","zpaServerIP":"147.161.249.240","zpaTunnelState":4,"zpaTxBytes":"0 bytes"}
2024-03-12 19:17:09.133171(+0300)[301214:301214] DBG UpdateDashBoard Triggered
2024-03-12 19:17:09.133201(+0300)[301214:301214] DBG Update DashBoard Triggered in MainForm
2024-03-12 19:17:09.133750(+0300)[301214:301214] INF showCurrentTab called, currentTab: 1
2024-03-12 19:17:09.136064(+0300)[301214:301214] DBG updating packet capture state to OFF
2024-03-12 19:17:19.134649(+0300)[301214:301214] INF ZSATrayRpcServer request: org.freedesktop.DBus.Properties::GetAll on /var/opt/zscaler/ztray/trayObject from :1.6510
2024-03-12 19:17:19.134848(+0300)[301214:301214] INF ZSATrayRpcServer request: com.zscaler.ztray.Interface::sendTunnelStatus on /var/opt/zscaler/ztray/trayObject from :1.6510
2024-03-12 19:17:19.134861(+0300)[301214:301214] DBG Verifying RPC client :1.6510 
2024-03-12 19:17:19.135821(+0300)[301214:301214] INF User id received : 0 and retrieved from system user : root where the user from json : :1.6510
2024-03-12 19:17:19.135963(+0300)[301214:301214] INF getProcessFromPid: /opt/zscaler/bin/zstunnel
2024-03-12 19:17:19.136022(+0300)[301214:301214] DBG The RPC client is from root(0) in process /opt/zscaler/bin/zstunnel(301243)
2024-03-12 19:17:19.136034(+0300)[301214:301214] DBG Tunnel Status JSON: {"clientIP":"192.168.1.72","isLWFDriverRunning":0,"networkState":2,"startTimeZIA":"1710270999121158","startTimeZPA":"1710270999121187","tcpProxyListeningPort":9000,"tunnelVersion":"10:0","ziaRxBytes":"18.94 KB","ziaServerIP":"147.161.186.27","ziaServerPort":443,"ziaTunnelState":4,"ziaTxBytes":"7.92 KB","zpaAuthState":0,"zpaRxBytes":"0 bytes","zpaServerIP":"147.161.249.240","zpaTunnelState":4,"zpaTxBytes":"0 bytes"}
2024-03-12 19:17:19.136066(+0300)[301214:301214] DBG UpdateDashBoard Triggered
2024-03-12 19:17:19.136102(+0300)[301214:301214] DBG Update DashBoard Triggered in MainForm
2024-03-12 19:17:19.136652(+0300)[301214:301214] INF showCurrentTab called, currentTab: 1
2024-03-12 19:17:19.138970(+0300)[301214:301214] DBG updating packet capture state to OFF
2024-03-12 19:17:29.137606(+0300)[301214:301214] INF ZSATrayRpcServer request: org.freedesktop.DBus.Properties::GetAll on /var/opt/zscaler/ztray/trayObject from :1.6515
2024-03-12 19:17:29.137838(+0300)[301214:301214] INF ZSATrayRpcServer request: com.zscaler.ztray.Interface::sendTunnelStatus on /var/opt/zscaler/ztray/trayObject from :1.6515
2024-03-12 19:17:29.137856(+0300)[301214:301214] DBG Verifying RPC client :1.6515 
2024-03-12 19:17:29.138972(+0300)[301214:301214] INF User id received : 0 and retrieved from system user : root where the user from json : :1.6515
2024-03-12 19:17:29.139131(+0300)[301214:301214] INF getProcessFromPid: /opt/zscaler/bin/zstunnel
2024-03-12 19:17:29.139186(+0300)[301214:301214] DBG The RPC client is from root(0) in process /opt/zscaler/bin/zstunnel(301243)
2024-03-12 19:17:29.139200(+0300)[301214:301214] DBG Tunnel Status JSON: {"clientIP":"192.168.1.72","isLWFDriverRunning":0,"networkState":2,"startTimeZIA":"1710270999121158","startTimeZPA":"1710270999121187","tcpProxyListeningPort":9000,"tunnelVersion":"10:0","ziaRxBytes":"30.54 KB","ziaServerIP":"147.161.186.27","ziaServerPort":443,"ziaTunnelState":4,"ziaTxBytes":"14.46 KB","zpaAuthState":0,"zpaRxBytes":"0 bytes","zpaServerIP":"147.161.249.240","zpaTunnelState":4,"zpaTxBytes":"0 bytes"}
2024-03-12 19:17:29.139235(+0300)[301214:301214] DBG UpdateDashBoard Triggered
2024-03-12 19:17:29.139277(+0300)[301214:301214] DBG Update DashBoard Triggered in MainForm
2024-03-12 19:17:29.140073(+0300)[301214:301214] INF showCurrentTab called, currentTab: 1
2024-03-12 19:17:29.142832(+0300)[301214:301214] DBG updating packet capture state to OFF
