Redirected stderr
2024-03-12 19:09:01.204460(+0300)[19614:19614] INF Timezone: +03, Offset: 10800, Standard Name: +03
2024-03-12 19:09:01.204488(+0300)[19614:19614] INF reading file :/tmp/.pid/1000-zstray
2024-03-12 19:09:01.204514(+0300)[19614:19614] INF pid found (19532) for proc  (/tmp/.pid/1000-zstray)
2024-03-12 19:09:01.204530(+0300)[19614:19614] ERR  No such file or directory error in isFilePresent for /proc/19532 
2024-03-12 19:09:01.204635(+0300)[19614:19614] INF CLI key value unable to understand , skipping wait = false
2024-03-12 19:09:01.204646(+0300)[19614:19614] INF CLI key value unable to understand , skipping externalRedirect = false
2024-03-12 19:09:01.327517(+0300)[19614:19614] DBG directory : /home/iharh/.Zscaler/DB 
2024-03-12 19:09:01.327547(+0300)[19614:19614] DBG notificationDB : /home/iharh/.Zscaler/DB/ZscalerApp.db
2024-03-12 19:09:01.350496(+0300)[19614:19614] INF ZSATrayRpcServer startServer called!
2024-03-12 19:09:01.350592(+0300)[19614:19635] INF ZSATrayRpcServer run function called!
2024-03-12 19:09:01.350594(+0300)[19614:19614] INF startTrayLogMonitor called!
2024-03-12 19:09:01.350843(+0300)[19614:19636] INF [LogMon] Log tag
2024-03-12 19:09:01.350865(+0300)[19614:19636] INF [LogMon] Logger monitor started
2024-03-12 19:09:01.363336(+0300)[19614:19614] INF createSAMLauthenticationDialog called! 
2024-03-12 19:09:01.363619(+0300)[19614:19637] INF system UUID : c433e89c0ec443de93762113913640ed
2024-03-12 19:09:01.363640(+0300)[19614:19637] INF Baseboard Serial Number : 
2024-03-12 19:09:01.363649(+0300)[19614:19637] INF disk ID : 4A4A932ECB92476995EF60D92A1D69BE
2024-03-12 19:09:01.363661(+0300)[19614:19637] DBG Running cmd: [grep PRETTY_NAME  /etc/os-release |awk -F= '{print $2}']
2024-03-12 19:09:01.365431(+0300)[19614:19614] INF Tray WorkerThread Started...!
2024-03-12 19:09:01.367968(+0300)[19614:19641] DBG Tray proxy monitor thread started the monitor command (PID 19642)
2024-03-12 19:09:01.368019(+0300)[19614:19637] DBG Output: "Ubuntu 23.10"
2024-03-12 19:09:01.368199(+0300)[19614:19637] INF Config read hash: F+o5w7nigdQOq1q8FQJZOmO8DbU=
2024-03-12 19:09:01.368662(+0300)[19614:19637] DBG decryptConfig: using old password
2024-03-12 19:09:01.369771(+0300)[19614:19637] INF Auth::Crypto::decrypt: Exception: I/O error: error:06065064:digital envelope routines:EVP_DecryptFinal_ex:bad decrypt
2024-03-12 19:09:01.369788(+0300)[19614:19637] INF ZSAAuth::useNewDecryptPasswd = true
2024-03-12 19:09:01.370125(+0300)[19614:19641] INF reading file :/tmp/.pid/zstunnel
2024-03-12 19:09:01.370163(+0300)[19614:19641] INF pid found (1498) for proc  (/tmp/.pid/zstunnel)
2024-03-12 19:09:01.370176(+0300)[19614:19641] INF File type : [40000] 
2024-03-12 19:09:01.370220(+0300)[19614:19641] INF getProcessFromPid: /opt/zscaler/bin/zstunnel
2024-03-12 19:09:01.370233(+0300)[19614:19641] INF processMatchesBin: 1
2024-03-12 19:09:01.370625(+0300)[19614:19637] INF addHardwareIdToClientConfiguration: ZSAAuth::clientConfiguration.hardwareId is NOT empty
2024-03-12 19:09:01.371312(+0300)[19614:19637] DBG directory : /home/iharh/.Zscaler 
2024-03-12 19:09:01.371327(+0300)[19614:19637] DBG Create Config File : /home/iharh/.Zscaler/x54uV6DhzFBi4SvY+iDdvPv31EM=+config.dat
2024-03-12 19:09:01.371450(+0300)[19614:19637] INF Config save hash: 6Qd5eyAdciLkPBoy+eGFUL5kfx4=
2024-03-12 19:09:01.371463(+0300)[19614:19637] INF Initializing auth library. FIPS: 0
2024-03-12 19:09:01.371470(+0300)[19614:19637] INF Getting CA certificates in file: /etc/ssl/certs/ca-certificates.crt
2024-03-12 19:09:01.371885(+0300)[19614:19637] INF System Certs read from disc : 137
2024-03-12 19:09:01.371896(+0300)[19614:19637] INF System certificate count: 137
2024-03-12 19:09:01.371903(+0300)[19614:19637] INF Auth::Lib::initializeAuthenticationLibrary: Called: 137
2024-03-12 19:09:01.371912(+0300)[19614:19637] INF Auth::Lib:loadSSLCerts: Called: 144
2024-03-12 19:09:01.379823(+0300)[19614:19641] DBG The server answered: '1'
2024-03-12 19:09:01.379957(+0300)[19614:19641] INF Tray proxy monitor thread notifyProxyTunnel success
2024-03-12 19:09:01.379999(+0300)[19614:19641] ERR Tray proxy monitor thread detected proxy monitoring termination
2024-03-12 19:09:01.380040(+0300)[19614:19641] INF Tray proxy monitor thread exited
2024-03-12 19:09:01.381254(+0300)[19614:19637] INF Auth::Lib::loadSSLCerts: Number of CA certs loaded: 141
2024-03-12 19:09:01.381294(+0300)[19614:19637] INF Auth::Lib::initializeAuthenticationLibrary: Finish
2024-03-12 19:09:01.381605(+0300)[19614:19637] DBG Running cmd: [gsettings get org.gnome.system.proxy mode]
2024-03-12 19:09:01.385479(+0300)[19614:19637] DBG Output: 'none'
2024-03-12 19:09:01.385501(+0300)[19614:19637] INF externalProxy :
2024-03-12 19:09:01.385510(+0300)[19614:19637] ERR No posture profile to process
2024-03-12 19:09:01.398862(+0300)[19614:19614] DBG initializeSystemTrayIcon: isSystemTrayAvailable: 1
2024-03-12 19:09:01.399700(+0300)[19614:19614] DBG performInitialization: isBrowserAuthInProgress: 0
2024-03-12 19:09:01.399824(+0300)[19614:19614] INF Seed domain not configured, proceeding with auth form
2024-03-12 19:09:01.400157(+0300)[19614:19637] INF No strict enforcement
2024-03-12 19:09:02.400829(+0300)[19614:19614] INF toggleAllButtonsinTrayForm called with disable as 0
2024-03-12 19:09:02.447096(+0300)[19614:19614] DBG Opening UserName Form
qt.qpa.wayland: Wayland does not support QWindow::requestActivate()
2024-03-12 19:09:12.280767(+0300)[19614:19614] INF Auth::Lib::getCurrentFipsMode: Called
2024-03-12 19:09:12.280827(+0300)[19614:19614] INF toggleAllButtonsinTrayForm called with disable as 1
2024-03-12 19:09:12.280891(+0300)[19614:19614] DBG UserNameForm showBusy called with message: Discovering Services...
2024-03-12 19:09:12.280898(+0300)[19614:19637] DBG UserName : ihar.hancharenka
2024-03-12 19:09:12.280903(+0300)[19614:19614] INF toggleAllButtonsinTrayForm called with disable as 1
2024-03-12 19:09:12.280951(+0300)[19614:19637] INF Auth::Library::getCloudForDomain: Called
2024-03-12 19:09:12.280994(+0300)[19614:19637] INF isCloudProxyEnabled = true
2024-03-12 19:09:12.281005(+0300)[19614:19637] INF Auth::Lib::executeServerGetAPI: Begin
2024-03-12 19:09:12.281014(+0300)[19614:19637] INF Auth::Lib::executeServerGetAPI: Trial: 0
2024-03-12 19:10:39.359522(+0300)[19614:19637] INF Auth::Lib::executeServerGetAPI: http://gateway.zscaler.net/generate_204
2024-03-12 19:10:39.382280(+0300)[19614:19637] INF Auth::Lib::executeServerGetAPI: Response: 204
2024-03-12 19:10:39.382379(+0300)[19614:19637] INF Auth::Lib::callMobileAdminGetAPI: Finish
2024-03-12 19:10:39.382392(+0300)[19614:19637] INF Auth::Lib::executeServerGetAPI: Failed
2024-03-12 19:10:39.385723(+0300)[19614:19637] INF Auth::Lib::DNSResolution: mobile.zscaler.net => 104.129.196.48
2024-03-12 19:10:39.385794(+0300)[19614:19637] INF Auth::Lib::executeMobileAdminPostAPI: Begin
2024-03-12 19:10:39.385805(+0300)[19614:19637] INF Auth::Lib::executeMobileAdminPostAPI: Trial: 0
2024-03-12 19:10:39.385953(+0300)[19614:19637] INF Auth::Lib::executeMobileAdminPostAPI: https://mobile.zscaler.net/api/mobile/cloud/getGlobalCloudMapping
2024-03-12 19:10:41.004463(+0300)[19614:19637] INF Auth::Lib::executeMobileAdminPostAPI: Response: 200, Length: 70
2024-03-12 19:10:41.004535(+0300)[19614:19637] INF Response: {"success":"false","error":"3007","errorMessage":"Login Invalid User"}
2024-03-12 19:10:41.004657(+0300)[19614:19637] INF Auth::Lib::executeMobileAdminPostAPI: Finish
2024-03-12 19:10:41.004690(+0300)[19614:19637] INF Auth::Library::getCloudForDomain: Finish: {"error":"3007","errorMessage":"Login Invalid User","success":"false"}
2024-03-12 19:10:41.004701(+0300)[19614:19637] DBG Get Domain Response: {"error":"3007","errorMessage":"Login Invalid User","success":"false"}
2024-03-12 19:10:41.004716(+0300)[19614:19637] INF Error: 3007
2024-03-12 19:10:41.005285(+0300)[19614:19614] INF toggleAllButtonsinTrayForm called with disable as 1
2024-03-12 19:11:23.245244(+0300)[19614:19614] INF toggleAllButtonsinTrayForm called with disable as 0
2024-03-12 19:11:26.297068(+0300)[19614:19614] INF Exiting UserName Form
2024-03-12 19:11:26.297126(+0300)[19614:19614] DBG Opening UserName Form
qt.qpa.wayland: Wayland does not support QWindow::requestActivate()
2024-03-12 19:11:26.297281(+0300)[19614:19614] INF toggleAllButtonsinTrayForm called with disable as 1
2024-03-12 19:11:28.757047(+0300)[19614:19614] INF UI UserNameForm Window Close Button Clicked.
2024-03-12 19:11:28.757169(+0300)[19614:19614] INF ZSATrayRpcServer stopped
2024-03-12 19:11:28.757182(+0300)[19614:19614] INF ZSATrayRpcServer stopServer called!
2024-03-12 19:11:28.757225(+0300)[19614:19635] INF Exiting ZSATrayRpcServer runloop!
2024-03-12 19:11:28.757267(+0300)[19614:19614] INF ZSATrayRpcServer stopServer joining thread!
2024-03-12 19:11:28.757277(+0300)[19614:19614] INF ZSATrayRpcServer stopped
2024-03-12 19:11:28.757347(+0300)[19614:19614] INF stopTrayLogMonitor called!
2024-03-12 19:11:28.757379(+0300)[19614:19636] INF [LogMon] Logger monitor exited
2024-03-12 19:11:28.757433(+0300)[19614:19614] ERR  pid was not obtained, unable to find PIDs for /opt/zscaler/bin/ZSTray 
Redirected stdout
